1637165704171	geckodriver	INFO	Listening on 127.0.0.1:62085
1637165707230	mozrunner::runner	INFO	Running command: "C:\\Program Files\\Mozilla Firefox\\firefox.exe" "--marionette" "--remote-debugging-port" "62086" "-no-remote" "-profile" "C:\\Users\\hoz30\\AppData\\Local\\Temp\\rust_mozprofiletOA6Rw"
1637165707560	Marionette	INFO	Marionette enabled
console.warn: SearchSettings: "get: No settings file exists, new profile?" (new NotFoundError("Could not open the file at C:\\Users\\hoz30\\AppData\\Local\\Temp\\rust_mozprofiletOA6Rw\\search.json.mozlz4", (void 0)))
DevTools listening on ws://localhost:62086/devtools/browser/c9f03784-651e-47e0-aa2b-811c283abacd
1637165709743	Marionette	INFO	Listening on port 62091
1637165709934	RemoteAgent	WARN	TLS certificate errors will be ignored for this session
JavaScript error: https://wateroff.water.gov.tw/assets//js/cityContent.js, line 196: TypeError: globalListArray is undefined
1637165845729	geckodriver	INFO	Listening on 127.0.0.1:62156
1637165848816	mozrunner::runner	INFO	Running command: "C:\\Program Files\\Mozilla Firefox\\firefox.exe" "--marionette" "--remote-debugging-port" "62157" "-no-remote" "-profile" "C:\\Users\\hoz30\\AppData\\Local\\Temp\\rust_mozprofilesg2gb8"
1637165849138	Marionette	INFO	Marionette enabled
console.warn: SearchSettings: "get: No settings file exists, new profile?" (new NotFoundError("Could not open the file at C:\\Users\\hoz30\\AppData\\Local\\Temp\\rust_mozprofilesg2gb8\\search.json.mozlz4", (void 0)))
DevTools listening on ws://localhost:62157/devtools/browser/840e9cb1-d694-47da-aa18-aafaaef1f1a1
1637165850988	Marionette	INFO	Listening on port 62162
1637165851505	RemoteAgent	WARN	TLS certificate errors will be ignored for this session
JavaScript error: https://wateroff.water.gov.tw/assets//js/cityContent.js, line 196: TypeError: globalListArray is undefined
1637165868883	Marionette	INFO	Stopped listening on port 62162
console.warn: TopSitesFeed: Failed to fetch data from Contile server: NetworkError when attempting to fetch resource.
JavaScript error: chrome://remote/content/marionette/cert.js, line 55: NS_ERROR_NOT_AVAILABLE: Component returned failure code: 0x80040111 (NS_ERROR_NOT_AVAILABLE) [nsICertOverrideService.setDisableAllSecurityChecksAndLetAttackersInterceptMyData]

###!!! [Parent][RunMessage] Error: Channel closing: too late to send/recv, messages will be lost

1637165875763	geckodriver	INFO	Listening on 127.0.0.1:62221
1637165878828	mozrunner::runner	INFO	Running command: "C:\\Program Files\\Mozilla Firefox\\firefox.exe" "--marionette" "--remote-debugging-port" "62222" "-no-remote" "-profile" "C:\\Users\\hoz30\\AppData\\Local\\Temp\\rust_mozprofileKOwRSg"
1637165879142	Marionette	INFO	Marionette enabled
console.warn: SearchSettings: "get: No settings file exists, new profile?" (new NotFoundError("Could not open the file at C:\\Users\\hoz30\\AppData\\Local\\Temp\\rust_mozprofileKOwRSg\\search.json.mozlz4", (void 0)))
DevTools listening on ws://localhost:62222/devtools/browser/98dd096c-5a80-41a0-9fa1-f41f3ccb8f15
1637165881204	Marionette	INFO	Listening on port 62227
1637165881514	RemoteAgent	WARN	TLS certificate errors will be ignored for this session
JavaScript error: https://wateroff.water.gov.tw/assets//js/cityContent.js, line 196: TypeError: globalListArray is undefined
1637165906291	geckodriver	INFO	Listening on 127.0.0.1:62291
1637165909360	mozrunner::runner	INFO	Running command: "C:\\Program Files\\Mozilla Firefox\\firefox.exe" "--marionette" "--remote-debugging-port" "62292" "-no-remote" "-profile" "C:\\Users\\hoz30\\AppData\\Local\\Temp\\rust_mozprofile5CqY4P"
1637165909645	Marionette	INFO	Marionette enabled
console.warn: SearchSettings: "get: No settings file exists, new profile?" (new NotFoundError("Could not open the file at C:\\Users\\hoz30\\AppData\\Local\\Temp\\rust_mozprofile5CqY4P\\search.json.mozlz4", (void 0)))
DevTools listening on ws://localhost:62292/devtools/browser/e81172a5-0334-4a93-91e8-c926fd5e24c1
1637165911721	Marionette	INFO	Listening on port 62297
1637165912043	RemoteAgent	WARN	TLS certificate errors will be ignored for this session
JavaScript error: https://wateroff.water.gov.tw/assets//js/cityContent.js, line 196: TypeError: globalListArray is undefined
1637165923082	Marionette	INFO	Stopped listening on port 62297
console.warn: TopSitesFeed: Failed to fetch data from Contile server: NetworkError when attempting to fetch resource.
JavaScript error: chrome://remote/content/marionette/cert.js, line 55: NS_ERROR_NOT_AVAILABLE: Component returned failure code: 0x80040111 (NS_ERROR_NOT_AVAILABLE) [nsICertOverrideService.setDisableAllSecurityChecksAndLetAttackersInterceptMyData]
1637169093618	geckodriver	INFO	Listening on 127.0.0.1:60109
1637169096681	mozrunner::runner	INFO	Running command: "C:\\Program Files\\Mozilla Firefox\\firefox.exe" "--marionette" "--remote-debugging-port" "60110" "-no-remote" "-profile" "C:\\Users\\hoz30\\AppData\\Local\\Temp\\rust_mozprofilegiV5jl"
1637169096961	Marionette	INFO	Marionette enabled
console.warn: SearchSettings: "get: No settings file exists, new profile?" (new NotFoundError("Could not open the file at C:\\Users\\hoz30\\AppData\\Local\\Temp\\rust_mozprofilegiV5jl\\search.json.mozlz4", (void 0)))
DevTools listening on ws://localhost:60110/devtools/browser/8ec0aa78-16e7-4c06-9e9c-ca529715bd23
1637169098878	Marionette	INFO	Listening on port 60115
1637169099357	RemoteAgent	WARN	TLS certificate errors will be ignored for this session
JavaScript error: https://wateroff.water.gov.tw/assets//js/cityContent.js, line 196: TypeError: globalListArray is undefined
1637169124885	geckodriver	INFO	Listening on 127.0.0.1:60202
1637169127954	mozrunner::runner	INFO	Running command: "C:\\Program Files\\Mozilla Firefox\\firefox.exe" "--marionette" "--remote-debugging-port" "60203" "-no-remote" "-profile" "C:\\Users\\hoz30\\AppData\\Local\\Temp\\rust_mozprofileUN3XDj"
1637169128239	Marionette	INFO	Marionette enabled
console.warn: SearchSettings: "get: No settings file exists, new profile?" (new NotFoundError("Could not open the file at C:\\Users\\hoz30\\AppData\\Local\\Temp\\rust_mozprofileUN3XDj\\search.json.mozlz4", (void 0)))
DevTools listening on ws://localhost:60203/devtools/browser/764dec53-d755-42b3-9fba-3442f4482763
1637169130108	Marionette	INFO	Listening on port 60209
1637169130612	RemoteAgent	WARN	TLS certificate errors will be ignored for this session
JavaScript error: https://wateroff.water.gov.tw/assets//js/cityContent.js, line 196: TypeError: globalListArray is undefined
1637169166766	geckodriver	INFO	Listening on 127.0.0.1:60274
1637169169813	mozrunner::runner	INFO	Running command: "C:\\Program Files\\Mozilla Firefox\\firefox.exe" "--marionette" "--remote-debugging-port" "60275" "-no-remote" "-profile" "C:\\Users\\hoz30\\AppData\\Local\\Temp\\rust_mozprofile1pl0qE"
1637169170132	Marionette	INFO	Marionette enabled
console.warn: SearchSettings: "get: No settings file exists, new profile?" (new NotFoundError("Could not open the file at C:\\Users\\hoz30\\AppData\\Local\\Temp\\rust_mozprofile1pl0qE\\search.json.mozlz4", (void 0)))
DevTools listening on ws://localhost:60275/devtools/browser/84b3d5cb-0ed4-4924-84e4-faf7bd8868f1
1637169171967	Marionette	INFO	Listening on port 60280
1637169172003	RemoteAgent	WARN	TLS certificate errors will be ignored for this session
1637169234104	geckodriver	INFO	Listening on 127.0.0.1:60379
1637169237188	mozrunner::runner	INFO	Running command: "C:\\Program Files\\Mozilla Firefox\\firefox.exe" "--marionette" "--remote-debugging-port" "60380" "-no-remote" "-profile" "C:\\Users\\hoz30\\AppData\\Local\\Temp\\rust_mozprofileBqUqNc"
1637169237477	Marionette	INFO	Marionette enabled
console.warn: SearchSettings: "get: No settings file exists, new profile?" (new NotFoundError("Could not open the file at C:\\Users\\hoz30\\AppData\\Local\\Temp\\rust_mozprofileBqUqNc\\search.json.mozlz4", (void 0)))
DevTools listening on ws://localhost:60380/devtools/browser/f3aa512b-8acb-43e8-91be-e20655e4639a
1637169239278	Marionette	INFO	Listening on port 60385
1637169239340	RemoteAgent	WARN	TLS certificate errors will be ignored for this session
JavaScript error: https://wateroff.water.gov.tw/assets//js/cityContent.js, line 196: TypeError: globalListArray is undefined
1637169255894	geckodriver	INFO	Listening on 127.0.0.1:60445
1637169258984	mozrunner::runner	INFO	Running command: "C:\\Program Files\\Mozilla Firefox\\firefox.exe" "--marionette" "--remote-debugging-port" "60446" "-no-remote" "-profile" "C:\\Users\\hoz30\\AppData\\Local\\Temp\\rust_mozprofileUM8K9u"
1637169259303	Marionette	INFO	Marionette enabled
console.warn: SearchSettings: "get: No settings file exists, new profile?" (new NotFoundError("Could not open the file at C:\\Users\\hoz30\\AppData\\Local\\Temp\\rust_mozprofileUM8K9u\\search.json.mozlz4", (void 0)))
DevTools listening on ws://localhost:60446/devtools/browser/97d024f3-30f7-448f-aee3-8b5eea755bf5
1637169261111	Marionette	INFO	Listening on port 60451
1637169261153	RemoteAgent	WARN	TLS certificate errors will be ignored for this session
JavaScript error: https://wateroff.water.gov.tw/assets//js/cityContent.js, line 196: TypeError: globalListArray is undefined
1637169340102	geckodriver	INFO	Listening on 127.0.0.1:60534
1637169343166	mozrunner::runner	INFO	Running command: "C:\\Program Files\\Mozilla Firefox\\firefox.exe" "--marionette" "--remote-debugging-port" "60535" "-no-remote" "-profile" "C:\\Users\\hoz30\\AppData\\Local\\Temp\\rust_mozprofileS9MoAo"
1637169343460	Marionette	INFO	Marionette enabled
console.warn: SearchSettings: "get: No settings file exists, new profile?" (new NotFoundError("Could not open the file at C:\\Users\\hoz30\\AppData\\Local\\Temp\\rust_mozprofileS9MoAo\\search.json.mozlz4", (void 0)))
DevTools listening on ws://localhost:60535/devtools/browser/b26952df-c265-4fb2-a94b-420bae542ecb
1637169345342	Marionette	INFO	Listening on port 60540
1637169345842	RemoteAgent	WARN	TLS certificate errors will be ignored for this session
1637169359060	geckodriver	INFO	Listening on 127.0.0.1:60591
1637169362148	mozrunner::runner	INFO	Running command: "C:\\Program Files\\Mozilla Firefox\\firefox.exe" "--marionette" "--remote-debugging-port" "60592" "-no-remote" "-profile" "C:\\Users\\hoz30\\AppData\\Local\\Temp\\rust_mozprofilerpnb17"
1637169362446	Marionette	INFO	Marionette enabled
console.warn: SearchSettings: "get: No settings file exists, new profile?" (new NotFoundError("Could not open the file at C:\\Users\\hoz30\\AppData\\Local\\Temp\\rust_mozprofilerpnb17\\search.json.mozlz4", (void 0)))
DevTools listening on ws://localhost:60592/devtools/browser/7f349812-181b-40f0-af5f-2cb6772ede7c
1637169364525	Marionette	INFO	Listening on port 60597
1637169364819	RemoteAgent	WARN	TLS certificate errors will be ignored for this session
1637170688736	geckodriver	INFO	Listening on 127.0.0.1:52306
1637170691806	mozrunner::runner	INFO	Running command: "C:\\Program Files\\Mozilla Firefox\\firefox.exe" "--marionette" "--remote-debugging-port" "52307" "-no-remote" "-profile" "C:\\Users\\hoz30\\AppData\\Local\\Temp\\rust_mozprofileUT0LpI"
1637170692185	Marionette	INFO	Marionette enabled
console.warn: SearchSettings: "get: No settings file exists, new profile?" (new NotFoundError("Could not open the file at C:\\Users\\hoz30\\AppData\\Local\\Temp\\rust_mozprofileUT0LpI\\search.json.mozlz4", (void 0)))
DevTools listening on ws://localhost:52307/devtools/browser/1670a9ec-79b8-4d2c-ba57-ac763bdab0f5
1637170694340	Marionette	INFO	Listening on port 52312
1637170694486	RemoteAgent	WARN	TLS certificate errors will be ignored for this session
1637171354284	geckodriver	INFO	Listening on 127.0.0.1:55156
1637171357349	mozrunner::runner	INFO	Running command: "C:\\Program Files\\Mozilla Firefox\\firefox.exe" "--marionette" "--remote-debugging-port" "55157" "-no-remote" "-profile" "C:\\Users\\hoz30\\AppData\\Local\\Temp\\rust_mozprofileGl9cGX"
1637171357679	Marionette	INFO	Marionette enabled
console.warn: SearchSettings: "get: No settings file exists, new profile?" (new NotFoundError("Could not open the file at C:\\Users\\hoz30\\AppData\\Local\\Temp\\rust_mozprofileGl9cGX\\search.json.mozlz4", (void 0)))
DevTools listening on ws://localhost:55157/devtools/browser/335f6fbc-b129-4aad-a76c-91a623c6a9a6
1637171359524	Marionette	INFO	Listening on port 55162
1637171360004	RemoteAgent	WARN	TLS certificate errors will be ignored for this session
1637171406978	geckodriver	INFO	Listening on 127.0.0.1:55221
1637171410040	mozrunner::runner	INFO	Running command: "C:\\Program Files\\Mozilla Firefox\\firefox.exe" "--marionette" "--remote-debugging-port" "55222" "-no-remote" "-profile" "C:\\Users\\hoz30\\AppData\\Local\\Temp\\rust_mozprofile1wdJ3u"
1637171410409	Marionette	INFO	Marionette enabled
console.warn: SearchSettings: "get: No settings file exists, new profile?" (new NotFoundError("Could not open the file at C:\\Users\\hoz30\\AppData\\Local\\Temp\\rust_mozprofile1wdJ3u\\search.json.mozlz4", (void 0)))
DevTools listening on ws://localhost:55222/devtools/browser/4d1aa5d6-a39c-4183-b72d-e06ae3bed99b
1637171412370	Marionette	INFO	Listening on port 55227
1637171412723	RemoteAgent	WARN	TLS certificate errors will be ignored for this session
1637171485156	geckodriver	INFO	Listening on 127.0.0.1:55288
1637171488198	mozrunner::runner	INFO	Running command: "C:\\Program Files\\Mozilla Firefox\\firefox.exe" "--marionette" "--remote-debugging-port" "55289" "-no-remote" "-profile" "C:\\Users\\hoz30\\AppData\\Local\\Temp\\rust_mozprofiley9bUl0"
1637171488580	Marionette	INFO	Marionette enabled
console.warn: SearchSettings: "get: No settings file exists, new profile?" (new NotFoundError("Could not open the file at C:\\Users\\hoz30\\AppData\\Local\\Temp\\rust_mozprofiley9bUl0\\search.json.mozlz4", (void 0)))
DevTools listening on ws://localhost:55289/devtools/browser/9da1b3c1-7734-40ad-b198-befa60624efa
1637171490541	Marionette	INFO	Listening on port 55294
1637171490898	RemoteAgent	WARN	TLS certificate errors will be ignored for this session
1637171545935	geckodriver	INFO	Listening on 127.0.0.1:55360
1637171548988	mozrunner::runner	INFO	Running command: "C:\\Program Files\\Mozilla Firefox\\firefox.exe" "--marionette" "--remote-debugging-port" "55361" "-no-remote" "-profile" "C:\\Users\\hoz30\\AppData\\Local\\Temp\\rust_mozprofileuGtFpA"
1637171549327	Marionette	INFO	Marionette enabled
console.warn: SearchSettings: "get: No settings file exists, new profile?" (new NotFoundError("Could not open the file at C:\\Users\\hoz30\\AppData\\Local\\Temp\\rust_mozprofileuGtFpA\\search.json.mozlz4", (void 0)))
DevTools listening on ws://localhost:55361/devtools/browser/66b12aab-d859-4d9e-a094-721237a30334
1637171551328	Marionette	INFO	Listening on port 55366
1637171551696	RemoteAgent	WARN	TLS certificate errors will be ignored for this session
1637251848709	geckodriver	INFO	Listening on 127.0.0.1:55732
1637251851754	mozrunner::runner	INFO	Running command: "C:\\Program Files\\Mozilla Firefox\\firefox.exe" "--marionette" "--remote-debugging-port" "55733" "-no-remote" "-profile" "C:\\Users\\hoz30\\AppData\\Local\\Temp\\rust_mozprofile6paiUH"
1637251852135	Marionette	INFO	Marionette enabled
console.warn: SearchSettings: "get: No settings file exists, new profile?" (new NotFoundError("Could not open the file at C:\\Users\\hoz30\\AppData\\Local\\Temp\\rust_mozprofile6paiUH\\search.json.mozlz4", (void 0)))
DevTools listening on ws://localhost:55733/devtools/browser/aed110a4-2ff6-4113-982a-7432bf503434
1637251854367	Marionette	INFO	Listening on port 55738
1637251854468	RemoteAgent	WARN	TLS certificate errors will be ignored for this session
1637251877853	geckodriver	INFO	Listening on 127.0.0.1:55821
1637251880962	mozrunner::runner	INFO	Running command: "C:\\Program Files\\Mozilla Firefox\\firefox.exe" "--marionette" "--remote-debugging-port" "55822" "-no-remote" "-profile" "C:\\Users\\hoz30\\AppData\\Local\\Temp\\rust_mozprofiletaTpG7"
1637251881399	Marionette	INFO	Marionette enabled
console.warn: SearchSettings: "get: No settings file exists, new profile?" (new NotFoundError("Could not open the file at C:\\Users\\hoz30\\AppData\\Local\\Temp\\rust_mozprofiletaTpG7\\search.json.mozlz4", (void 0)))
DevTools listening on ws://localhost:55822/devtools/browser/5a003ed6-c641-4595-aace-62cb2a4501c2
1637251883285	Marionette	INFO	Listening on port 55827
1637251883627	RemoteAgent	WARN	TLS certificate errors will be ignored for this session
1637252039626	geckodriver	INFO	Listening on 127.0.0.1:55923
1637252042704	mozrunner::runner	INFO	Running command: "C:\\Program Files\\Mozilla Firefox\\firefox.exe" "--marionette" "--remote-debugging-port" "55924" "-no-remote" "-profile" "C:\\Users\\hoz30\\AppData\\Local\\Temp\\rust_mozprofiledSOddJ"
1637252043047	Marionette	INFO	Marionette enabled
console.warn: SearchSettings: "get: No settings file exists, new profile?" (new NotFoundError("Could not open the file at C:\\Users\\hoz30\\AppData\\Local\\Temp\\rust_mozprofiledSOddJ\\search.json.mozlz4", (void 0)))
DevTools listening on ws://localhost:55924/devtools/browser/56c4ce70-4549-40c0-86b7-ada9282f9f30
1637252044978	Marionette	INFO	Listening on port 55929
1637252045399	RemoteAgent	WARN	TLS certificate errors will be ignored for this session
JavaScript warning: https://wateroffmap.water.gov.tw/js/chunk-vendors.83b54155.js, line 336: Script terminated by timeout at:
ff80/a</e.prototype.getWrapX@https://wateroffmap.water.gov.tw/js/chunk-vendors.83b54155.js:336:2717
5eee/Yn</e.prototype.prepareFrame@https://wateroffmap.water.gov.tw/js/chunk-vendors.83b54155.js:146:115116
5eee/ye</e.prototype.renderFrame@https://wateroffmap.water.gov.tw/js/chunk-vendors.83b54155.js:146:64540
5eee/St</e.prototype.renderFrame_@https://wateroffmap.water.gov.tw/js/chunk-vendors.83b54155.js:146:36736
e/this.animationDelay_<@https://wateroffmap.water.gov.tw/js/chunk-vendors.83b54155.js:146:24896

1637252055633	Marionette	WARN	Ignoring event 'DOMContentLoaded' because document has an invalid readyState of 'complete'.
1637252079134	geckodriver	INFO	Listening on 127.0.0.1:56016
1637252082200	mozrunner::runner	INFO	Running command: "C:\\Program Files\\Mozilla Firefox\\firefox.exe" "--marionette" "--remote-debugging-port" "56017" "-no-remote" "-profile" "C:\\Users\\hoz30\\AppData\\Local\\Temp\\rust_mozprofileh1NxXB"
1637252082550	Marionette	INFO	Marionette enabled
console.warn: SearchSettings: "get: No settings file exists, new profile?" (new NotFoundError("Could not open the file at C:\\Users\\hoz30\\AppData\\Local\\Temp\\rust_mozprofileh1NxXB\\search.json.mozlz4", (void 0)))
DevTools listening on ws://localhost:56017/devtools/browser/91561b52-7d18-4fa3-a416-b7df9d918747
1637252084545	Marionette	INFO	Listening on port 56022
1637252084870	RemoteAgent	WARN	TLS certificate errors will be ignored for this session
1637252177559	geckodriver	INFO	Listening on 127.0.0.1:56086
1637252180628	mozrunner::runner	INFO	Running command: "C:\\Program Files\\Mozilla Firefox\\firefox.exe" "--marionette" "--remote-debugging-port" "56087" "-no-remote" "-profile" "C:\\Users\\hoz30\\AppData\\Local\\Temp\\rust_mozprofiley0qhL4"
1637252180974	Marionette	INFO	Marionette enabled
console.warn: SearchSettings: "get: No settings file exists, new profile?" (new NotFoundError("Could not open the file at C:\\Users\\hoz30\\AppData\\Local\\Temp\\rust_mozprofiley0qhL4\\search.json.mozlz4", (void 0)))
DevTools listening on ws://localhost:56087/devtools/browser/4fbb6c00-d471-4094-8133-b6c4494ff736
1637252182836	Marionette	INFO	Listening on port 56092
1637252183291	RemoteAgent	WARN	TLS certificate errors will be ignored for this session
1637252435008	geckodriver	INFO	Listening on 127.0.0.1:56203
1637252438053	mozrunner::runner	INFO	Running command: "C:\\Program Files\\Mozilla Firefox\\firefox.exe" "--marionette" "--remote-debugging-port" "56204" "-no-remote" "-profile" "C:\\Users\\hoz30\\AppData\\Local\\Temp\\rust_mozprofile8Gi0LQ"
1637252438376	Marionette	INFO	Marionette enabled
console.warn: SearchSettings: "get: No settings file exists, new profile?" (new NotFoundError("Could not open the file at C:\\Users\\hoz30\\AppData\\Local\\Temp\\rust_mozprofile8Gi0LQ\\search.json.mozlz4", (void 0)))
DevTools listening on ws://localhost:56204/devtools/browser/8cf4d610-ef8d-4425-b5cf-577c991de747
1637252440236	Marionette	INFO	Listening on port 56209
1637252440725	RemoteAgent	WARN	TLS certificate errors will be ignored for this session
1637253125176	geckodriver	INFO	Listening on 127.0.0.1:56371
1637253128255	mozrunner::runner	INFO	Running command: "C:\\Program Files\\Mozilla Firefox\\firefox.exe" "--marionette" "--remote-debugging-port" "56372" "-no-remote" "-profile" "C:\\Users\\hoz30\\AppData\\Local\\Temp\\rust_mozprofile8L92j0"
1637253128591	Marionette	INFO	Marionette enabled
console.warn: SearchSettings: "get: No settings file exists, new profile?" (new NotFoundError("Could not open the file at C:\\Users\\hoz30\\AppData\\Local\\Temp\\rust_mozprofile8L92j0\\search.json.mozlz4", (void 0)))
DevTools listening on ws://localhost:56372/devtools/browser/fd248da9-12e8-4874-8b7c-98276705f438
1637253130446	Marionette	INFO	Listening on port 56377
1637253130951	RemoteAgent	WARN	TLS certificate errors will be ignored for this session
1637253237263	geckodriver	INFO	Listening on 127.0.0.1:56500
1637253240356	mozrunner::runner	INFO	Running command: "C:\\Program Files\\Mozilla Firefox\\firefox.exe" "--marionette" "--remote-debugging-port" "56501" "-no-remote" "-profile" "C:\\Users\\hoz30\\AppData\\Local\\Temp\\rust_mozprofileLTxed2"
1637253240685	Marionette	INFO	Marionette enabled
console.warn: SearchSettings: "get: No settings file exists, new profile?" (new NotFoundError("Could not open the file at C:\\Users\\hoz30\\AppData\\Local\\Temp\\rust_mozprofileLTxed2\\search.json.mozlz4", (void 0)))
DevTools listening on ws://localhost:56501/devtools/browser/443f9f77-1bad-4fbd-a84f-404500bb1d14
1637253242701	Marionette	INFO	Listening on port 56506
1637253243028	RemoteAgent	WARN	TLS certificate errors will be ignored for this session
1637253267298	geckodriver	INFO	Listening on 127.0.0.1:56571
1637253270351	mozrunner::runner	INFO	Running command: "C:\\Program Files\\Mozilla Firefox\\firefox.exe" "--marionette" "--remote-debugging-port" "56572" "-no-remote" "-profile" "C:\\Users\\hoz30\\AppData\\Local\\Temp\\rust_mozprofileM1I9Nh"
1637253270677	Marionette	INFO	Marionette enabled
console.warn: SearchSettings: "get: No settings file exists, new profile?" (new NotFoundError("Could not open the file at C:\\Users\\hoz30\\AppData\\Local\\Temp\\rust_mozprofileM1I9Nh\\search.json.mozlz4", (void 0)))
DevTools listening on ws://localhost:56572/devtools/browser/2852f7d0-3a1f-4b77-a7b4-b2b6ba114d16
1637253272770	Marionette	INFO	Listening on port 56577
1637253273039	RemoteAgent	WARN	TLS certificate errors will be ignored for this session
1637253369690	geckodriver	INFO	Listening on 127.0.0.1:56639
1637253372764	mozrunner::runner	INFO	Running command: "C:\\Program Files\\Mozilla Firefox\\firefox.exe" "--marionette" "--remote-debugging-port" "56640" "-no-remote" "-profile" "C:\\Users\\hoz30\\AppData\\Local\\Temp\\rust_mozprofilem58auj"
1637253373105	Marionette	INFO	Marionette enabled
console.warn: SearchSettings: "get: No settings file exists, new profile?" (new NotFoundError("Could not open the file at C:\\Users\\hoz30\\AppData\\Local\\Temp\\rust_mozprofilem58auj\\search.json.mozlz4", (void 0)))
DevTools listening on ws://localhost:56640/devtools/browser/5b5272b4-9e55-4699-9b22-d0f5cf139d96
1637253374988	Marionette	INFO	Listening on port 56645
1637253375435	RemoteAgent	WARN	TLS certificate errors will be ignored for this session
1637253424041	Marionette	INFO	Stopped listening on port 56645
console.warn: TopSitesFeed: Failed to fetch data from Contile server: NetworkError when attempting to fetch resource.
1637253427273	geckodriver	INFO	Listening on 127.0.0.1:56707
1637253430328	mozrunner::runner	INFO	Running command: "C:\\Program Files\\Mozilla Firefox\\firefox.exe" "--marionette" "--remote-debugging-port" "56708" "-no-remote" "-profile" "C:\\Users\\hoz30\\AppData\\Local\\Temp\\rust_mozprofilettQF3i"
1637253430659	Marionette	INFO	Marionette enabled
console.warn: SearchSettings: "get: No settings file exists, new profile?" (new NotFoundError("Could not open the file at C:\\Users\\hoz30\\AppData\\Local\\Temp\\rust_mozprofilettQF3i\\search.json.mozlz4", (void 0)))
DevTools listening on ws://localhost:56708/devtools/browser/bba9b5af-fb66-4ee3-a58e-5ea5205003ab
1637253432521	Marionette	INFO	Listening on port 56713
1637253433001	RemoteAgent	WARN	TLS certificate errors will be ignored for this session
1637253488049	geckodriver	INFO	Listening on 127.0.0.1:56773
1637253491126	mozrunner::runner	INFO	Running command: "C:\\Program Files\\Mozilla Firefox\\firefox.exe" "--marionette" "--remote-debugging-port" "56774" "-no-remote" "-profile" "C:\\Users\\hoz30\\AppData\\Local\\Temp\\rust_mozprofileDrvUva"
1637253491458	Marionette	INFO	Marionette enabled
console.warn: SearchSettings: "get: No settings file exists, new profile?" (new NotFoundError("Could not open the file at C:\\Users\\hoz30\\AppData\\Local\\Temp\\rust_mozprofileDrvUva\\search.json.mozlz4", (void 0)))
DevTools listening on ws://localhost:56774/devtools/browser/885d4e51-277d-44c0-b330-dee826602fea
1637253493348	Marionette	INFO	Listening on port 56779
1637253493808	RemoteAgent	WARN	TLS certificate errors will be ignored for this session
1637253553302	geckodriver	INFO	Listening on 127.0.0.1:56838
1637253556366	mozrunner::runner	INFO	Running command: "C:\\Program Files\\Mozilla Firefox\\firefox.exe" "--marionette" "--remote-debugging-port" "56839" "-no-remote" "-profile" "C:\\Users\\hoz30\\AppData\\Local\\Temp\\rust_mozprofilePjLOXT"
1637253556705	Marionette	INFO	Marionette enabled
console.warn: SearchSettings: "get: No settings file exists, new profile?" (new NotFoundError("Could not open the file at C:\\Users\\hoz30\\AppData\\Local\\Temp\\rust_mozprofilePjLOXT\\search.json.mozlz4", (void 0)))
DevTools listening on ws://localhost:56839/devtools/browser/cc91b3bf-41db-4d42-ae3b-7b52131de719
1637253558559	Marionette	INFO	Listening on port 56844
1637253559055	RemoteAgent	WARN	TLS certificate errors will be ignored for this session
1637253624190	geckodriver	INFO	Listening on 127.0.0.1:56906
1637253627250	mozrunner::runner	INFO	Running command: "C:\\Program Files\\Mozilla Firefox\\firefox.exe" "--marionette" "--remote-debugging-port" "56907" "-no-remote" "-profile" "C:\\Users\\hoz30\\AppData\\Local\\Temp\\rust_mozprofilepKvcTh"
1637253627584	Marionette	INFO	Marionette enabled
console.warn: SearchSettings: "get: No settings file exists, new profile?" (new NotFoundError("Could not open the file at C:\\Users\\hoz30\\AppData\\Local\\Temp\\rust_mozprofilepKvcTh\\search.json.mozlz4", (void 0)))
DevTools listening on ws://localhost:56907/devtools/browser/8dd2dbff-ac3e-40aa-a2ba-72163befadc5
1637253629496	Marionette	INFO	Listening on port 57014
1637253629920	RemoteAgent	WARN	TLS certificate errors will be ignored for this session
1637253657384	geckodriver	INFO	Listening on 127.0.0.1:57086
1637253660442	mozrunner::runner	INFO	Running command: "C:\\Program Files\\Mozilla Firefox\\firefox.exe" "--marionette" "--remote-debugging-port" "57087" "-no-remote" "-profile" "C:\\Users\\hoz30\\AppData\\Local\\Temp\\rust_mozprofile9Mme2C"
1637253660798	Marionette	INFO	Marionette enabled
console.warn: SearchSettings: "get: No settings file exists, new profile?" (new NotFoundError("Could not open the file at C:\\Users\\hoz30\\AppData\\Local\\Temp\\rust_mozprofile9Mme2C\\search.json.mozlz4", (void 0)))
DevTools listening on ws://localhost:57087/devtools/browser/6784e431-7891-4d83-9698-7919c1a0471d
1637253662712	Marionette	INFO	Listening on port 57092
1637253663106	RemoteAgent	WARN	TLS certificate errors will be ignored for this session
1637253797399	geckodriver	INFO	Listening on 127.0.0.1:57186
1637253800441	mozrunner::runner	INFO	Running command: "C:\\Program Files\\Mozilla Firefox\\firefox.exe" "--marionette" "--remote-debugging-port" "57187" "-no-remote" "-profile" "C:\\Users\\hoz30\\AppData\\Local\\Temp\\rust_mozprofiley63vsQ"
1637253800768	Marionette	INFO	Marionette enabled
console.warn: SearchSettings: "get: No settings file exists, new profile?" (new NotFoundError("Could not open the file at C:\\Users\\hoz30\\AppData\\Local\\Temp\\rust_mozprofiley63vsQ\\search.json.mozlz4", (void 0)))
DevTools listening on ws://localhost:57187/devtools/browser/da16d192-deea-45d9-af27-f0935042f9f1
1637253802803	Marionette	INFO	Listening on port 57192
1637253803117	RemoteAgent	WARN	TLS certificate errors will be ignored for this session
1637254238900	geckodriver	INFO	Listening on 127.0.0.1:57288
1637254241967	mozrunner::runner	INFO	Running command: "C:\\Program Files\\Mozilla Firefox\\firefox.exe" "--marionette" "--remote-debugging-port" "57289" "-no-remote" "-profile" "C:\\Users\\hoz30\\AppData\\Local\\Temp\\rust_mozprofileMldkwG"
1637254242297	Marionette	INFO	Marionette enabled
console.warn: SearchSettings: "get: No settings file exists, new profile?" (new NotFoundError("Could not open the file at C:\\Users\\hoz30\\AppData\\Local\\Temp\\rust_mozprofileMldkwG\\search.json.mozlz4", (void 0)))
DevTools listening on ws://localhost:57289/devtools/browser/2f630d4c-a020-4b59-a63a-9b62f9104327
1637254244315	Marionette	INFO	Listening on port 57294
1637254244651	RemoteAgent	WARN	TLS certificate errors will be ignored for this session
1637255039276	geckodriver	INFO	Listening on 127.0.0.1:57515
1637255042331	mozrunner::runner	INFO	Running command: "C:\\Program Files\\Mozilla Firefox\\firefox.exe" "--marionette" "--remote-debugging-port" "57516" "-no-remote" "-profile" "C:\\Users\\hoz30\\AppData\\Local\\Temp\\rust_mozprofile4tOvPi"
1637255042696	Marionette	INFO	Marionette enabled
console.warn: SearchSettings: "get: No settings file exists, new profile?" (new NotFoundError("Could not open the file at C:\\Users\\hoz30\\AppData\\Local\\Temp\\rust_mozprofile4tOvPi\\search.json.mozlz4", (void 0)))
DevTools listening on ws://localhost:57516/devtools/browser/5d3ad276-7770-4975-8e22-5b397b34a76b
1637255044715	Marionette	INFO	Listening on port 57521
1637255045002	RemoteAgent	WARN	TLS certificate errors will be ignored for this session
1637255065445	geckodriver	INFO	Listening on 127.0.0.1:57581
1637255068518	mozrunner::runner	INFO	Running command: "C:\\Program Files\\Mozilla Firefox\\firefox.exe" "--marionette" "--remote-debugging-port" "57582" "-no-remote" "-profile" "C:\\Users\\hoz30\\AppData\\Local\\Temp\\rust_mozprofilezrwZo4"
1637255068851	Marionette	INFO	Marionette enabled
1637255076010	geckodriver	INFO	Listening on 127.0.0.1:57598
1637255079066	mozrunner::runner	INFO	Running command: "C:\\Program Files\\Mozilla Firefox\\firefox.exe" "--marionette" "--remote-debugging-port" "57599" "-no-remote" "-profile" "C:\\Users\\hoz30\\AppData\\Local\\Temp\\rust_mozprofileQ2V8Tq"
1637255079423	Marionette	INFO	Marionette enabled
console.warn: SearchSettings: "get: No settings file exists, new profile?" (new NotFoundError("Could not open the file at C:\\Users\\hoz30\\AppData\\Local\\Temp\\rust_mozprofileQ2V8Tq\\search.json.mozlz4", (void 0)))
DevTools listening on ws://localhost:57599/devtools/browser/35055c10-a2f3-49df-a467-56caa7f8e14a
1637255081370	Marionette	INFO	Listening on port 57604
1637255081759	RemoteAgent	WARN	TLS certificate errors will be ignored for this session
1637255134341	geckodriver	INFO	Listening on 127.0.0.1:57668
1637255137382	mozrunner::runner	INFO	Running command: "C:\\Program Files\\Mozilla Firefox\\firefox.exe" "--marionette" "--remote-debugging-port" "57669" "-no-remote" "-profile" "C:\\Users\\hoz30\\AppData\\Local\\Temp\\rust_mozprofileRO1q3K"
1637255137729	Marionette	INFO	Marionette enabled
console.warn: SearchSettings: "get: No settings file exists, new profile?" (new NotFoundError("Could not open the file at C:\\Users\\hoz30\\AppData\\Local\\Temp\\rust_mozprofileRO1q3K\\search.json.mozlz4", (void 0)))
DevTools listening on ws://localhost:57669/devtools/browser/3c60d66e-ca56-480a-a0a4-c1aa64e3d7ba
1637255139768	Marionette	INFO	Listening on port 57674
1637255140057	RemoteAgent	WARN	TLS certificate errors will be ignored for this session
1637255189182	geckodriver	INFO	Listening on 127.0.0.1:57746
1637255192249	mozrunner::runner	INFO	Running command: "C:\\Program Files\\Mozilla Firefox\\firefox.exe" "--marionette" "--remote-debugging-port" "57747" "-no-remote" "-profile" "C:\\Users\\hoz30\\AppData\\Local\\Temp\\rust_mozprofileAfc0Vx"
1637255192589	Marionette	INFO	Marionette enabled
console.warn: SearchSettings: "get: No settings file exists, new profile?" (new NotFoundError("Could not open the file at C:\\Users\\hoz30\\AppData\\Local\\Temp\\rust_mozprofileAfc0Vx\\search.json.mozlz4", (void 0)))
DevTools listening on ws://localhost:57747/devtools/browser/b934f9d2-cbba-4bc6-af6e-fae80157fd6a
1637255194640	Marionette	INFO	Listening on port 57752
1637255194912	RemoteAgent	WARN	TLS certificate errors will be ignored for this session
1637255271243	geckodriver	INFO	Listening on 127.0.0.1:57823
1637255274298	mozrunner::runner	INFO	Running command: "C:\\Program Files\\Mozilla Firefox\\firefox.exe" "--marionette" "--remote-debugging-port" "57824" "-no-remote" "-profile" "C:\\Users\\hoz30\\AppData\\Local\\Temp\\rust_mozprofileoSgA1X"
1637255282399	geckodriver	INFO	Listening on 127.0.0.1:57840
1637255285461	mozrunner::runner	INFO	Running command: "C:\\Program Files\\Mozilla Firefox\\firefox.exe" "--marionette" "--remote-debugging-port" "57841" "-no-remote" "-profile" "C:\\Users\\hoz30\\AppData\\Local\\Temp\\rust_mozprofilerwauRM"
1637255285845	Marionette	INFO	Marionette enabled
console.warn: SearchSettings: "get: No settings file exists, new profile?" (new NotFoundError("Could not open the file at C:\\Users\\hoz30\\AppData\\Local\\Temp\\rust_mozprofilerwauRM\\search.json.mozlz4", (void 0)))
DevTools listening on ws://localhost:57841/devtools/browser/29912d16-2c60-4d22-b3a5-33a27b607036
1637255287742	Marionette	INFO	Listening on port 57846
1637255288155	RemoteAgent	WARN	TLS certificate errors will be ignored for this session
1637255322513	geckodriver	INFO	Listening on 127.0.0.1:57927
1637255325553	mozrunner::runner	INFO	Running command: "C:\\Program Files\\Mozilla Firefox\\firefox.exe" "--marionette" "--remote-debugging-port" "57928" "-no-remote" "-profile" "C:\\Users\\hoz30\\AppData\\Local\\Temp\\rust_mozprofilek1WjxX"
1637255325908	Marionette	INFO	Marionette enabled
console.warn: SearchSettings: "get: No settings file exists, new profile?" (new NotFoundError("Could not open the file at C:\\Users\\hoz30\\AppData\\Local\\Temp\\rust_mozprofilek1WjxX\\search.json.mozlz4", (void 0)))
DevTools listening on ws://localhost:57928/devtools/browser/85c7a071-e878-4985-ad00-4a08d9478501
1637255327913	Marionette	INFO	Listening on port 57933
1637255328279	RemoteAgent	WARN	TLS certificate errors will be ignored for this session
1637255361689	geckodriver	INFO	Listening on 127.0.0.1:57994
1637255364763	mozrunner::runner	INFO	Running command: "C:\\Program Files\\Mozilla Firefox\\firefox.exe" "--marionette" "--remote-debugging-port" "57995" "-no-remote" "-profile" "C:\\Users\\hoz30\\AppData\\Local\\Temp\\rust_mozprofilepb9eAu"
1637255365126	Marionette	INFO	Marionette enabled
console.warn: SearchSettings: "get: No settings file exists, new profile?" (new NotFoundError("Could not open the file at C:\\Users\\hoz30\\AppData\\Local\\Temp\\rust_mozprofilepb9eAu\\search.json.mozlz4", (void 0)))
DevTools listening on ws://localhost:57995/devtools/browser/32320a69-58d9-44c7-901a-1bde9dbf72fe
1637255367172	Marionette	INFO	Listening on port 58000
1637255367466	RemoteAgent	WARN	TLS certificate errors will be ignored for this session
1637255412676	geckodriver	INFO	Listening on 127.0.0.1:58083
1637255415731	mozrunner::runner	INFO	Running command: "C:\\Program Files\\Mozilla Firefox\\firefox.exe" "--marionette" "--remote-debugging-port" "58084" "-no-remote" "-profile" "C:\\Users\\hoz30\\AppData\\Local\\Temp\\rust_mozprofilelNUs84"
1637255416072	Marionette	INFO	Marionette enabled
console.warn: SearchSettings: "get: No settings file exists, new profile?" (new NotFoundError("Could not open the file at C:\\Users\\hoz30\\AppData\\Local\\Temp\\rust_mozprofilelNUs84\\search.json.mozlz4", (void 0)))
DevTools listening on ws://localhost:58084/devtools/browser/bff32da5-c6e6-40f5-97db-b9d37e7abfe1
1637255417957	Marionette	INFO	Listening on port 58089
1637255418399	RemoteAgent	WARN	TLS certificate errors will be ignored for this session
1637255539928	geckodriver	INFO	Listening on 127.0.0.1:58172
1637255542995	mozrunner::runner	INFO	Running command: "C:\\Program Files\\Mozilla Firefox\\firefox.exe" "--marionette" "--remote-debugging-port" "58173" "-no-remote" "-profile" "C:\\Users\\hoz30\\AppData\\Local\\Temp\\rust_mozprofileRtH12p"
1637255543331	Marionette	INFO	Marionette enabled
console.warn: SearchSettings: "get: No settings file exists, new profile?" (new NotFoundError("Could not open the file at C:\\Users\\hoz30\\AppData\\Local\\Temp\\rust_mozprofileRtH12p\\search.json.mozlz4", (void 0)))
DevTools listening on ws://localhost:58173/devtools/browser/74d1adf4-846d-44eb-b9f6-5d0379edc930
1637255545186	Marionette	INFO	Listening on port 58178
1637255545679	RemoteAgent	WARN	TLS certificate errors will be ignored for this session
1637255576134	geckodriver	INFO	Listening on 127.0.0.1:58258
1637255579202	mozrunner::runner	INFO	Running command: "C:\\Program Files\\Mozilla Firefox\\firefox.exe" "--marionette" "--remote-debugging-port" "58259" "-no-remote" "-profile" "C:\\Users\\hoz30\\AppData\\Local\\Temp\\rust_mozprofilerUP3Qm"
1637255579554	Marionette	INFO	Marionette enabled
console.warn: SearchSettings: "get: No settings file exists, new profile?" (new NotFoundError("Could not open the file at C:\\Users\\hoz30\\AppData\\Local\\Temp\\rust_mozprofilerUP3Qm\\search.json.mozlz4", (void 0)))
DevTools listening on ws://localhost:58259/devtools/browser/164519f6-ed1c-490a-a7b2-c594e5209b62
1637255581494	Marionette	INFO	Listening on port 58264
1637255581872	RemoteAgent	WARN	TLS certificate errors will be ignored for this session
1637255694685	geckodriver	INFO	Listening on 127.0.0.1:58350
1637255697744	mozrunner::runner	INFO	Running command: "C:\\Program Files\\Mozilla Firefox\\firefox.exe" "--marionette" "--remote-debugging-port" "58351" "-no-remote" "-profile" "C:\\Users\\hoz30\\AppData\\Local\\Temp\\rust_mozprofile0UClfo"
1637255698087	Marionette	INFO	Marionette enabled
console.warn: SearchSettings: "get: No settings file exists, new profile?" (new NotFoundError("Could not open the file at C:\\Users\\hoz30\\AppData\\Local\\Temp\\rust_mozprofile0UClfo\\search.json.mozlz4", (void 0)))
DevTools listening on ws://localhost:58351/devtools/browser/66d349d8-5f62-425c-bf02-aab442ed2ae1
1637255700027	Marionette	INFO	Listening on port 58356
1637255700422	RemoteAgent	WARN	TLS certificate errors will be ignored for this session
1637255739458	geckodriver	INFO	Listening on 127.0.0.1:58441
1637255742519	mozrunner::runner	INFO	Running command: "C:\\Program Files\\Mozilla Firefox\\firefox.exe" "--marionette" "--remote-debugging-port" "58442" "-no-remote" "-profile" "C:\\Users\\hoz30\\AppData\\Local\\Temp\\rust_mozprofilebOxZcF"
1637255742854	Marionette	INFO	Marionette enabled
console.warn: SearchSettings: "get: No settings file exists, new profile?" (new NotFoundError("Could not open the file at C:\\Users\\hoz30\\AppData\\Local\\Temp\\rust_mozprofilebOxZcF\\search.json.mozlz4", (void 0)))
DevTools listening on ws://localhost:58442/devtools/browser/f0da8011-525b-4a5c-acab-31b229fad9c8
1637255744812	Marionette	INFO	Listening on port 58447
1637255745217	RemoteAgent	WARN	TLS certificate errors will be ignored for this session
1637255785437	geckodriver	INFO	Listening on 127.0.0.1:58532
1637255788505	mozrunner::runner	INFO	Running command: "C:\\Program Files\\Mozilla Firefox\\firefox.exe" "--marionette" "--remote-debugging-port" "58533" "-no-remote" "-profile" "C:\\Users\\hoz30\\AppData\\Local\\Temp\\rust_mozprofileMVvVJm"
1637255788858	Marionette	INFO	Marionette enabled
console.warn: SearchSettings: "get: No settings file exists, new profile?" (new NotFoundError("Could not open the file at C:\\Users\\hoz30\\AppData\\Local\\Temp\\rust_mozprofileMVvVJm\\search.json.mozlz4", (void 0)))
DevTools listening on ws://localhost:58533/devtools/browser/f07f7ed6-3cfd-4003-9bad-62d12818dd91
1637255790712	Marionette	INFO	Listening on port 58538
1637255791187	RemoteAgent	WARN	TLS certificate errors will be ignored for this session
1637255928471	geckodriver	INFO	Listening on 127.0.0.1:58631
1637255931517	mozrunner::runner	INFO	Running command: "C:\\Program Files\\Mozilla Firefox\\firefox.exe" "--marionette" "--remote-debugging-port" "58632" "-no-remote" "-profile" "C:\\Users\\hoz30\\AppData\\Local\\Temp\\rust_mozprofileZQs0yf"
1637255931846	Marionette	INFO	Marionette enabled
console.warn: SearchSettings: "get: No settings file exists, new profile?" (new NotFoundError("Could not open the file at C:\\Users\\hoz30\\AppData\\Local\\Temp\\rust_mozprofileZQs0yf\\search.json.mozlz4", (void 0)))
DevTools listening on ws://localhost:58632/devtools/browser/12d1d5b5-ac21-4bf0-b1f4-316e5eb39c84
1637255933782	Marionette	INFO	Listening on port 58637
1637255934174	RemoteAgent	WARN	TLS certificate errors will be ignored for this session
1637256325271	geckodriver	INFO	Listening on 127.0.0.1:58763
1637256328314	mozrunner::runner	INFO	Running command: "C:\\Program Files\\Mozilla Firefox\\firefox.exe" "--marionette" "--remote-debugging-port" "58764" "-no-remote" "-profile" "C:\\Users\\hoz30\\AppData\\Local\\Temp\\rust_mozprofile2dfGDn"
1637256328635	Marionette	INFO	Marionette enabled
console.warn: SearchSettings: "get: No settings file exists, new profile?" (new NotFoundError("Could not open the file at C:\\Users\\hoz30\\AppData\\Local\\Temp\\rust_mozprofile2dfGDn\\search.json.mozlz4", (void 0)))
DevTools listening on ws://localhost:58764/devtools/browser/418dcf00-3a2b-497f-ac14-5f38f4a0bced
1637256330652	Marionette	INFO	Listening on port 58769
1637256331007	RemoteAgent	WARN	TLS certificate errors will be ignored for this session
1637256457851	geckodriver	INFO	Listening on 127.0.0.1:58858
1637256460954	mozrunner::runner	INFO	Running command: "C:\\Program Files\\Mozilla Firefox\\firefox.exe" "--marionette" "--remote-debugging-port" "58859" "-no-remote" "-profile" "C:\\Users\\hoz30\\AppData\\Local\\Temp\\rust_mozprofileMQni4M"
1637256461288	Marionette	INFO	Marionette enabled
console.warn: SearchSettings: "get: No settings file exists, new profile?" (new NotFoundError("Could not open the file at C:\\Users\\hoz30\\AppData\\Local\\Temp\\rust_mozprofileMQni4M\\search.json.mozlz4", (void 0)))
DevTools listening on ws://localhost:58859/devtools/browser/e56ac1da-da40-426c-af61-d9765534d28f
1637256463133	Marionette	INFO	Listening on port 58864
1637256463632	RemoteAgent	WARN	TLS certificate errors will be ignored for this session
1637256599223	geckodriver	INFO	Listening on 127.0.0.1:59011
1637256602300	mozrunner::runner	INFO	Running command: "C:\\Program Files\\Mozilla Firefox\\firefox.exe" "--marionette" "--remote-debugging-port" "59012" "-no-remote" "-profile" "C:\\Users\\hoz30\\AppData\\Local\\Temp\\rust_mozprofile5UtIIM"
1637256602629	Marionette	INFO	Marionette enabled
console.warn: SearchSettings: "get: No settings file exists, new profile?" (new NotFoundError("Could not open the file at C:\\Users\\hoz30\\AppData\\Local\\Temp\\rust_mozprofile5UtIIM\\search.json.mozlz4", (void 0)))
DevTools listening on ws://localhost:59012/devtools/browser/59c8208d-19d4-473d-9732-cc433133e92f
1637256604490	Marionette	INFO	Listening on port 59018
1637256604992	RemoteAgent	WARN	TLS certificate errors will be ignored for this session
JavaScript warning: https://wateroffmap.water.gov.tw/js/chunk-vendors.83b54155.js, line 132: Script terminated by timeout at:
5564/l</e.prototype.getVisible@https://wateroffmap.water.gov.tw/js/chunk-vendors.83b54155.js:132:8972
5564/l</e.prototype.getLayerState@https://wateroffmap.water.gov.tw/js/chunk-vendors.83b54155.js:132:8276
1af9/d</e.prototype.getLayerStatesArray@https://wateroffmap.water.gov.tw/js/chunk-vendors.83b54155.js:37:9355
5eee/Et</e.prototype.getLayerStatesArray/<@https://wateroffmap.water.gov.tw/js/chunk-vendors.83b54155.js:146:23943
e300/u</e.prototype.forEach@https://wateroffmap.water.gov.tw/js/chunk-vendors.83b54155.js:316:9100
5eee/Et</e.prototype.getLayerStatesArray@https://wateroffmap.water.gov.tw/js/chunk-vendors.83b54155.js:146:23920
5eee/St</e.prototype.renderFrame_@https://wateroffmap.water.gov.tw/js/chunk-vendors.83b54155.js:146:36082
e/this.animationDelay_<@https://wateroffmap.water.gov.tw/js/chunk-vendors.83b54155.js:146:24896

1637256659910	geckodriver	INFO	Listening on 127.0.0.1:59109
1637256662989	mozrunner::runner	INFO	Running command: "C:\\Program Files\\Mozilla Firefox\\firefox.exe" "--marionette" "--remote-debugging-port" "59110" "-no-remote" "-profile" "C:\\Users\\hoz30\\AppData\\Local\\Temp\\rust_mozprofilewXCxxS"
1637256663320	Marionette	INFO	Marionette enabled
console.warn: SearchSettings: "get: No settings file exists, new profile?" (new NotFoundError("Could not open the file at C:\\Users\\hoz30\\AppData\\Local\\Temp\\rust_mozprofilewXCxxS\\search.json.mozlz4", (void 0)))
DevTools listening on ws://localhost:59110/devtools/browser/fbb6a971-f874-4942-8caa-61bfeb5c445e
1637256665402	Marionette	INFO	Listening on port 59115
1637256665683	RemoteAgent	WARN	TLS certificate errors will be ignored for this session
1637256801989	geckodriver	INFO	Listening on 127.0.0.1:59206
1637256805054	mozrunner::runner	INFO	Running command: "C:\\Program Files\\Mozilla Firefox\\firefox.exe" "--marionette" "--remote-debugging-port" "59207" "-no-remote" "-profile" "C:\\Users\\hoz30\\AppData\\Local\\Temp\\rust_mozprofiletDJVKo"
1637256805412	Marionette	INFO	Marionette enabled
console.warn: SearchSettings: "get: No settings file exists, new profile?" (new NotFoundError("Could not open the file at C:\\Users\\hoz30\\AppData\\Local\\Temp\\rust_mozprofiletDJVKo\\search.json.mozlz4", (void 0)))
DevTools listening on ws://localhost:59207/devtools/browser/a60c818c-f3f0-4f50-8f26-a0111d02b693
1637256807304	Marionette	INFO	Listening on port 59212
1637256807747	RemoteAgent	WARN	TLS certificate errors will be ignored for this session
1637257863265	geckodriver	INFO	Listening on 127.0.0.1:59633
